Flow report for project
Fri Jun 14 06:52:24 2024
Quartus II 64-Bit Version 13.1.0 Build 162 10/23/2013 SJ Web Edition


---------------------
; Table of Contents ;
---------------------
  1. Legal Notice
  2. Flow Summary
  3. Flow Settings
  4. Flow Non-Default Global Settings
  5. Flow Elapsed Time
  6. Flow OS Summary
  7. Flow Log
  8. Flow Messages
  9. Flow Suppressed Messages



----------------
; Legal Notice ;
----------------
Copyright (C) 1991-2013 Altera Corporation
Your use of Altera Corporation's design tools, logic functions 
and other software and tools, and its AMPP partner logic 
functions, and any output files from any of the foregoing 
(including device programming or simulation files), and any 
associated documentation or information are expressly subject 
to the terms and conditions of the Altera Program License 
Subscription Agreement, Altera MegaCore Function License 
Agreement, or other applicable license agreement, including, 
without limitation, that your use is for the sole purpose of 
programming logic devices manufactured by Altera and sold by 
Altera or its authorized distributors.  Please refer to the 
applicable agreement for further details.



+------------------------------------------------------------------------------+
; Flow Summary                                                                 ;
+---------------------------------+--------------------------------------------+
; Flow Status                     ; Successful - Fri Jun 14 06:52:24 2024      ;
; Quartus II 64-Bit Version       ; 13.1.0 Build 162 10/23/2013 SJ Web Edition ;
; Revision Name                   ; project                                    ;
; Top-level Entity Name           ; project                                    ;
; Family                          ; Cyclone V                                  ;
; Device                          ; 5CSEMA5F31C6                               ;
; Timing Models                   ; Preliminary                                ;
; Logic utilization (in ALMs)     ; 9,816 / 32,070 ( 31 % )                    ;
; Total registers                 ; 1092                                       ;
; Total pins                      ; 99 / 457 ( 22 % )                          ;
; Total virtual pins              ; 0                                          ;
; Total block memory bits         ; 243,340 / 4,065,280 ( 6 % )                ;
; Total DSP Blocks                ; 1 / 87 ( 1 % )                             ;
; Total HSSI RX PCSs              ; 0                                          ;
; Total HSSI PMA RX Deserializers ; 0                                          ;
; Total HSSI TX PCSs              ; 0                                          ;
; Total HSSI TX Channels          ; 0                                          ;
; Total PLLs                      ; 0 / 6 ( 0 % )                              ;
; Total DLLs                      ; 0 / 4 ( 0 % )                              ;
+---------------------------------+--------------------------------------------+


+-----------------------------------------+
; Flow Settings                           ;
+-------------------+---------------------+
; Option            ; Setting             ;
+-------------------+---------------------+
; Start date & time ; 06/14/2024 06:49:37 ;
; Main task         ; Compilation         ;
; Revision Name     ; project             ;
+-------------------+---------------------+


+---------------------------------------------------------------------------------------------------------------------------------------------------+
; Flow Non-Default Global Settings                                                                                                                  ;
+-------------------------------------+--------------------------------------------------------------+---------------+-------------+----------------+
; Assignment Name                     ; Value                                                        ; Default Value ; Entity Name ; Section Id     ;
+-------------------------------------+--------------------------------------------------------------+---------------+-------------+----------------+
; COMPILER_SIGNATURE_ID               ; 110289792870684.171833697708080                              ; --            ; --          ; --             ;
; EDA_GENERATE_FUNCTIONAL_NETLIST     ; On                                                           ; --            ; --          ; eda_simulation ;
; EDA_NETLIST_WRITER_OUTPUT_DIR       ; C:/Users/Ahmet/OneDrive/Masaüstü/my_project/simulation/qsim/ ; --            ; --          ; eda_simulation ;
; EDA_OUTPUT_DATA_FORMAT              ; Verilog Hdl                                                  ; --            ; --          ; eda_simulation ;
; EDA_SIMULATION_TOOL                 ; ModelSim-Altera (Verilog)                                    ; <None>        ; --          ; --             ;
; MAX_CORE_JUNCTION_TEMP              ; 85                                                           ; --            ; --          ; --             ;
; MIN_CORE_JUNCTION_TEMP              ; 0                                                            ; --            ; --          ; --             ;
; PARTITION_COLOR                     ; 16764057                                                     ; --            ; --          ; Top            ;
; PARTITION_FITTER_PRESERVATION_LEVEL ; PLACEMENT_AND_ROUTING                                        ; --            ; --          ; Top            ;
; PARTITION_NETLIST_TYPE              ; SOURCE                                                       ; --            ; --          ; Top            ;
; POWER_BOARD_THERMAL_MODEL           ; None (CONSERVATIVE)                                          ; --            ; --          ; --             ;
; POWER_PRESET_COOLING_SOLUTION       ; 23 MM HEAT SINK WITH 200 LFPM AIRFLOW                        ; --            ; --          ; --             ;
+-------------------------------------+--------------------------------------------------------------+---------------+-------------+----------------+


+-------------------------------------------------------------------------------------------------------------------------------+
; Flow Elapsed Time                                                                                                             ;
+---------------------------+--------------+-------------------------+---------------------+------------------------------------+
; Module Name               ; Elapsed Time ; Average Processors Used ; Peak Virtual Memory ; Total CPU Time (on all processors) ;
+---------------------------+--------------+-------------------------+---------------------+------------------------------------+
; Analysis & Synthesis      ; 00:00:50     ; 1.0                     ; 5676 MB             ; 00:00:28                           ;
; Fitter                    ; 00:01:15     ; 1.0                     ; 5812 MB             ; 00:00:42                           ;
; Assembler                 ; 00:00:09     ; 1.0                     ; 4849 MB             ; 00:00:04                           ;
; TimeQuest Timing Analyzer ; 00:00:22     ; 1.0                     ; 5107 MB             ; 00:00:09                           ;
; EDA Netlist Writer        ; 00:00:04     ; 1.0                     ; 4754 MB             ; 00:00:01                           ;
; Total                     ; 00:02:40     ; --                      ; --                  ; 00:01:24                           ;
+---------------------------+--------------+-------------------------+---------------------+------------------------------------+


+----------------------------------------------------------------------------------------+
; Flow OS Summary                                                                        ;
+---------------------------+------------------+-----------+------------+----------------+
; Module Name               ; Machine Hostname ; OS Name   ; OS Version ; Processor type ;
+---------------------------+------------------+-----------+------------+----------------+
; Analysis & Synthesis      ; AUqur            ; Windows 7 ; 6.2        ; x86_64         ;
; Fitter                    ; AUqur            ; Windows 7 ; 6.2        ; x86_64         ;
; Assembler                 ; AUqur            ; Windows 7 ; 6.2        ; x86_64         ;
; TimeQuest Timing Analyzer ; AUqur            ; Windows 7 ; 6.2        ; x86_64         ;
; EDA Netlist Writer        ; AUqur            ; Windows 7 ; 6.2        ; x86_64         ;
+---------------------------+------------------+-----------+------------+----------------+


------------
; Flow Log ;
------------
quartus_map --read_settings_files=on --write_settings_files=off project -c project
quartus_fit --read_settings_files=off --write_settings_files=off project -c project
quartus_asm --read_settings_files=off --write_settings_files=off project -c project
quartus_sta project -c project
quartus_eda --read_settings_files=off --write_settings_files=off project -c project



